# JRE version: Java(TM) SE Runtime Environment (8.0_66-b17) (build 1.8.0_66-b17)
# Java VM: Java HotSpot(TM) Client VM (25.66-b17 mixed mode windows-x86 )
Heap:
 def new generation   total 39424K, used 13428K [0x04c00000, 0x076c0000, 0x0f6a0000)
  eden space 35072K,  31% used [0x04c00000, 0x056f0b80, 0x06e40000)
  from space 4352K,  51% used [0x06e40000, 0x0706c6d8, 0x07280000)
  to   space 4352K,   0% used [0x07280000, 0x07280000, 0x076c0000)
 tenured generation   total 87424K, used 71415K [0x0f6a0000, 0x14c00000, 0x24c00000)
   the space 87424K,  81% used [0x0f6a0000, 0x13c5de58, 0x13c5e000, 0x14c00000)
 Metaspace       used 17385K, capacity 17797K, committed 17920K, reserved 18816K
GC Heap History (10 events):
Event: 5385.115 GC heap before
{Heap before GC invocations=75 (full 1):
 def new generation   total 39424K, used 36633K [0x04c00000, 0x076c0000, 0x0f6a0000)
  eden space 35072K, 100% used [0x04c00000, 0x06e40000, 0x06e40000)
  from space 4352K,  35% used [0x07280000, 0x07406410, 0x076c0000)
  to   space 4352K,   0% used [0x06e40000, 0x06e40000, 0x07280000)
 tenured generation   total 87424K, used 70681K [0x0f6a0000, 0x14c00000, 0x24c00000)
   the space 87424K,  80% used [0x0f6a0000, 0x13ba6768, 0x13ba6800, 0x14c00000)
 Metaspace       used 17385K, capacity 17797K, committed 17920K, reserved 18816K
Event: 5385.121 GC heap after
Heap after GC invocations=76 (full 1):
 def new generation   total 39424K, used 1538K [0x04c00000, 0x076c0000, 0x0f6a0000)
  eden space 35072K,   0% used [0x04c00000, 0x04c00000, 0x06e40000)
  from space 4352K,  35% used [0x06e40000, 0x06fc0bc0, 0x07280000)
  to   space 4352K,   0% used [0x07280000, 0x07280000, 0x076c0000)
 tenured generation   total 87424K, used 70681K [0x0f6a0000, 0x14c00000, 0x24c00000)
   the space 87424K,  80% used [0x0f6a0000, 0x13ba6768, 0x13ba6800, 0x14c00000)
 Metaspace       used 17385K, capacity 17797K, committed 17920K, reserved 18816K
}
Event: 5413.831 GC heap before
{Heap before GC invocations=76 (full 1):
 def new generation   total 39424K, used 36610K [0x04c00000, 0x076c0000, 0x0f6a0000)
  eden space 35072K, 100% used [0x04c00000, 0x06e40000, 0x06e40000)
  from space 4352K,  35% used [0x06e40000, 0x06fc0bc0, 0x07280000)
  to   space 4352K,   0% used [0x07280000, 0x07280000, 0x076c0000)
 tenured generation   total 87424K, used 70681K [0x0f6a0000, 0x14c00000, 0x24c00000)
   the space 87424K,  80% used [0x0f6a0000, 0x13ba6768, 0x13ba6800, 0x14c00000)
 Metaspace       used 17385K, capacity 17797K, committed 17920K, reserved 18816K
Event: 5413.834 GC heap after
Heap after GC invocations=77 (full 1):
 def new generation   total 39424K, used 1613K [0x04c00000, 0x076c0000, 0x0f6a0000)
  eden space 35072K,   0% used [0x04c00000, 0x04c00000, 0x06e40000)
  from space 4352K,  37% used [0x07280000, 0x074134a0, 0x076c0000)
  to   space 4352K,   0% used [0x06e40000, 0x06e40000, 0x07280000)
 tenured generation   total 87424K, used 70681K [0x0f6a0000, 0x14c00000, 0x24c00000)
   the space 87424K,  80% used [0x0f6a0000, 0x13ba6768, 0x13ba6800, 0x14c00000)
 Metaspace       used 17385K, capacity 17797K, committed 17920K, reserved 18816K
}
Event: 5439.836 GC heap before
{Heap before GC invocations=77 (full 1):
 def new generation   total 39424K, used 36685K [0x04c00000, 0x076c0000, 0x0f6a0000)
  eden space 35072K, 100% used [0x04c00000, 0x06e40000, 0x06e40000)
  from space 4352K,  37% used [0x07280000, 0x07413538, 0x076c0000)
  to   space 4352K,   0% used [0x06e40000, 0x06e40000, 0x07280000)
 tenured generation   total 87424K, used 70681K [0x0f6a0000, 0x14c00000, 0x24c00000)
   the space 87424K,  80% used [0x0f6a0000, 0x13ba6768, 0x13ba6800, 0x14c00000)
 Metaspace       used 17385K, capacity 17797K, committed 17920K, reserved 18816K
Event: 5439.847 GC heap after
Heap after GC invocations=78 (full 1):
 def new generation   total 39424K, used 2844K [0x04c00000, 0x076c0000, 0x0f6a0000)
  eden space 35072K,   0% used [0x04c00000, 0x04c00000, 0x06e40000)
  from space 4352K,  65% used [0x06e40000, 0x07107240, 0x07280000)
  to   space 4352K,   0% used [0x07280000, 0x07280000, 0x076c0000)
 tenured generation   total 87424K, used 70681K [0x0f6a0000, 0x14c00000, 0x24c00000)
   the space 87424K,  80% used [0x0f6a0000, 0x13ba6768, 0x13ba6800, 0x14c00000)
 Metaspace       used 17385K, capacity 17797K, committed 17920K, reserved 18816K
}
Event: 5472.281 GC heap before
{Heap before GC invocations=78 (full 1):
 def new generation   total 39424K, used 37916K [0x04c00000, 0x076c0000, 0x0f6a0000)
  eden space 35072K, 100% used [0x04c00000, 0x06e40000, 0x06e40000)
  from space 4352K,  65% used [0x06e40000, 0x07107240, 0x07280000)
  to   space 4352K,   0% used [0x07280000, 0x07280000, 0x076c0000)
 tenured generation   total 87424K, used 70681K [0x0f6a0000, 0x14c00000, 0x24c00000)
   the space 87424K,  80% used [0x0f6a0000, 0x13ba6768, 0x13ba6800, 0x14c00000)
 Metaspace       used 17385K, capacity 17797K, committed 17920K, reserved 18816K
Event: 5472.288 GC heap after
Heap after GC invocations=79 (full 1):
 def new generation   total 39424K, used 2089K [0x04c00000, 0x076c0000, 0x0f6a0000)
  eden space 35072K,   0% used [0x04c00000, 0x04c00000, 0x06e40000)
  from space 4352K,  48% used [0x07280000, 0x0748a7a8, 0x076c0000)
  to   space 4352K,   0% used [0x06e40000, 0x06e40000, 0x07280000)
 tenured generation   total 87424K, used 71415K [0x0f6a0000, 0x14c00000, 0x24c00000)
   the space 87424K,  81% used [0x0f6a0000, 0x13c5de58, 0x13c5e000, 0x14c00000)
 Metaspace       used 17385K, capacity 17797K, committed 17920K, reserved 18816K
}
Event: 5504.737 GC heap before
{Heap before GC invocations=79 (full 1):
 def new generation   total 39424K, used 37161K [0x04c00000, 0x076c0000, 0x0f6a0000)
  eden space 35072K, 100% used [0x04c00000, 0x06e40000, 0x06e40000)
  from space 4352K,  48% used [0x07280000, 0x0748a7a8, 0x076c0000)
  to   space 4352K,   0% used [0x06e40000, 0x06e40000, 0x07280000)
 tenured generation   total 87424K, used 71415K [0x0f6a0000, 0x14c00000, 0x24c00000)
   the space 87424K,  81% used [0x0f6a0000, 0x13c5de58, 0x13c5e000, 0x14c00000)
 Metaspace       used 17385K, capacity 17797K, committed 17920K, reserved 18816K
Event: 5504.741 GC heap after
Heap after GC invocations=80 (full 1):
 def new generation   total 39424K, used 2225K [0x04c00000, 0x076c0000, 0x0f6a0000)
  eden space 35072K,   0% used [0x04c00000, 0x04c00000, 0x06e40000)
  from space 4352K,  51% used [0x06e40000, 0x0706c6d8, 0x07280000)
  to   space 4352K,   0% used [0x07280000, 0x07280000, 0x076c0000)
 tenured generation   total 87424K, used 71415K [0x0f6a0000, 0x14c00000, 0x24c00000)
   the space 87424K,  81% used [0x0f6a0000, 0x13c5de58, 0x13c5e000, 0x14c00000)
 Metaspace       used 17385K, capacity 17797K, committed 17920K, reserved 18816K
}

